Build started 18.06.2016 19:07:58.
     1>Project "C:\Users\Anastasiia Prygun\Documents\Visual Studio 2013\Projects\clab1constants\clab1\clab1.vcxproj" on node 2 (Rebuild target(s)).
     1>ClCompile:
         C:\Program Files (x86)\Microsoft Visual Studio 12.0\VC\bin\CL.exe /c /ZI /nologo /W3 /WX- /Od /Oy- /D WIN32 /D _DEBUG /D _CONSOLE /D _LIB /D _UNICODE /D UNICODE /Gm /EHsc /RTC1 /MDd /GS /fp:precise /Zc:wchar_t /Zc:forScope /Fo"Debug\\" /Fd"Debug\vc120.pdb" /Gd /TC /analyze- /errorReport:prompt ..\justdata2dim_block.c
         justdata2dim_block.c
     1>c:\users\anastasiia prygun\documents\visual studio 2013\projects\clab1constants\justdata2dim_block.c(22): warning C4244: 'return' : conversion from 'double' to 'float', possible loss of data
     1>c:\users\anastasiia prygun\documents\visual studio 2013\projects\clab1constants\justdata2dim_block.c(51): warning C4244: '=' : conversion from 'double' to 'float', possible loss of data
     1>c:\users\anastasiia prygun\documents\visual studio 2013\projects\clab1constants\justdata2dim_block.c(52): warning C4244: '=' : conversion from 'double' to 'float', possible loss of data
     1>c:\users\anastasiia prygun\documents\visual studio 2013\projects\clab1constants\justdata2dim_block.c(53): warning C4244: '=' : conversion from 'double' to 'float', possible loss of data
     1>c:\users\anastasiia prygun\documents\visual studio 2013\projects\clab1constants\justdata2dim_block.c(62): warning C4996: 'fopen': This function or variable may be unsafe. Consider using fopen_s instead. To disable deprecation, use _CRT_SECURE_NO_WARNINGS. See online help for details.
                 c:\program files (x86)\microsoft visual studio 12.0\vc\include\stdio.h(211) : see declaration of 'fopen'
     1>c:\users\anastasiia prygun\documents\visual studio 2013\projects\clab1constants\justdata2dim_block.c(63): warning C4996: 'fopen': This function or variable may be unsafe. Consider using fopen_s instead. To disable deprecation, use _CRT_SECURE_NO_WARNINGS. See online help for details.
                 c:\program files (x86)\microsoft visual studio 12.0\vc\include\stdio.h(211) : see declaration of 'fopen'
     1>c:\users\anastasiia prygun\documents\visual studio 2013\projects\clab1constants\justdata2dim_block.c(64): warning C4996: 'fopen': This function or variable may be unsafe. Consider using fopen_s instead. To disable deprecation, use _CRT_SECURE_NO_WARNINGS. See online help for details.
                 c:\program files (x86)\microsoft visual studio 12.0\vc\include\stdio.h(211) : see declaration of 'fopen'
     1>c:\users\anastasiia prygun\documents\visual studio 2013\projects\clab1constants\justdata2dim_block.c(65): warning C4996: 'fopen': This function or variable may be unsafe. Consider using fopen_s instead. To disable deprecation, use _CRT_SECURE_NO_WARNINGS. See online help for details.
                 c:\program files (x86)\microsoft visual studio 12.0\vc\include\stdio.h(211) : see declaration of 'fopen'
     1>c:\users\anastasiia prygun\documents\visual studio 2013\projects\clab1constants\justdata2dim_block.c(66): warning C4996: 'fopen': This function or variable may be unsafe. Consider using fopen_s instead. To disable deprecation, use _CRT_SECURE_NO_WARNINGS. See online help for details.
                 c:\program files (x86)\microsoft visual studio 12.0\vc\include\stdio.h(211) : see declaration of 'fopen'
     1>c:\users\anastasiia prygun\documents\visual studio 2013\projects\clab1constants\justdata2dim_block.c(67): warning C4996: 'fopen': This function or variable may be unsafe. Consider using fopen_s instead. To disable deprecation, use _CRT_SECURE_NO_WARNINGS. See online help for details.
                 c:\program files (x86)\microsoft visual studio 12.0\vc\include\stdio.h(211) : see declaration of 'fopen'
     1>c:\users\anastasiia prygun\documents\visual studio 2013\projects\clab1constants\justdata2dim_block.c(68): warning C4996: 'fopen': This function or variable may be unsafe. Consider using fopen_s instead. To disable deprecation, use _CRT_SECURE_NO_WARNINGS. See online help for details.
                 c:\program files (x86)\microsoft visual studio 12.0\vc\include\stdio.h(211) : see declaration of 'fopen'
     1>c:\users\anastasiia prygun\documents\visual studio 2013\projects\clab1constants\justdata2dim_block.c(209): warning C4244: 'function' : conversion from 'double' to 'float', possible loss of data
     1>c:\users\anastasiia prygun\documents\visual studio 2013\projects\clab1constants\justdata2dim_block.c(226): warning C4244: '=' : conversion from 'double' to 'float', possible loss of data
     1>c:\users\anastasiia prygun\documents\visual studio 2013\projects\clab1constants\justdata2dim_block.c(307): warning C4244: '=' : conversion from 'clock_t' to 'float', possible loss of data
     1>c:\users\anastasiia prygun\documents\visual studio 2013\projects\clab1constants\justdata2dim_block.c(88): warning C4101: 'y1' : unreferenced local variable
     1>c:\users\anastasiia prygun\documents\visual studio 2013\projects\clab1constants\justdata2dim_block.c(88): warning C4101: 'sa' : unreferenced local variable
     1>c:\users\anastasiia prygun\documents\visual studio 2013\projects\clab1constants\justdata2dim_block.c(88): warning C4101: 'rho' : unreferenced local variable
     1>c:\users\anastasiia prygun\documents\visual studio 2013\projects\clab1constants\justdata2dim_block.c(88): warning C4101: 'vx1' : unreferenced local variable
     1>c:\users\anastasiia prygun\documents\visual studio 2013\projects\clab1constants\justdata2dim_block.c(88): warning C4101: 'ca' : unreferenced local variable
     1>c:\users\anastasiia prygun\documents\visual studio 2013\projects\clab1constants\justdata2dim_block.c(88): warning C4101: 'vy1' : unreferenced local variable
     1>c:\users\anastasiia prygun\documents\visual studio 2013\projects\clab1constants\justdata2dim_block.c(88): warning C4101: 'x1' : unreferenced local variable
     1>c:\users\anastasiia prygun\documents\visual studio 2013\projects\clab1constants\justdata2dim_block.c(88): warning C4101: 'r' : unreferenced local variable
     1>c:\users\anastasiia prygun\documents\visual studio 2013\projects\clab1constants\justdata2dim_block.c(28): warning C4101: 'd' : unreferenced local variable
     1>c:\users\anastasiia prygun\documents\visual studio 2013\projects\clab1constants\justdata2dim_block.c(88): warning C4101: 'dt1' : unreferenced local variable
       Link:
         C:\Program Files (x86)\Microsoft Visual Studio 12.0\VC\bin\link.exe /ERRORREPORT:PROMPT /OUT:"C:\Users\Anastasiia Prygun\Documents\Visual Studio 2013\Projects\clab1constants\Debug\clab1.exe" /INCREMENTAL /NOLOGO kernel32.lib user32.lib gdi32.lib winspool.lib comdlg32.lib advapi32.lib shell32.lib ole32.lib oleaut32.lib uuid.lib odbc32.lib odbccp32.lib /MANIFEST /MANIFESTUAC:"level='asInvoker' uiAccess='false'" /manifest:embed /DEBUG /PDB:"C:\Users\Anastasiia Prygun\Documents\Visual Studio 2013\Projects\clab1constants\Debug\clab1.pdb" /SUBSYSTEM:CONSOLE /TLBID:1 /DYNAMICBASE /NXCOMPAT /IMPLIB:"C:\Users\Anastasiia Prygun\Documents\Visual Studio 2013\Projects\clab1constants\Debug\clab1.lib" /MACHINE:X86 Debug\justdata2dim_block.obj
         clab1.vcxproj -> C:\Users\Anastasiia Prygun\Documents\Visual Studio 2013\Projects\clab1constants\Debug\clab1.exe
     1>Done Building Project "C:\Users\Anastasiia Prygun\Documents\Visual Studio 2013\Projects\clab1constants\clab1\clab1.vcxproj" (Rebuild target(s)).

Build succeeded.

Time Elapsed 00:00:00.91
